[0m[[0m[0mdebug[0m] [0m[0m> Exec(run, Some(e59b53d0-8393-4ab3-9afc-58b6497ca0ba), Some(CommandSource(console0)))[0m[0J
[0m[[0m[0mdebug[0m] [0m[0mEvaluating tasks: Compile / run[0m[0J
[0m[[0m[0mdebug[0m] [0m[0mRunning task... Cancel: Signal, check cycles: false, forcegc: true[0m[0J
[0m[[0m[0minfo[0m] [0m[0mcompiling 2 Scala sources to /work/ChiselArch/target/scala-2.12/classes ...[0m[0J
[0m[[0m[31merror[0m] [0m[0m/work/ChiselArch/src/main/scala/BrCond.scala:33:45: not found: type PeekPokeTester[0m[0J
[0m[[0m[31merror[0m] [0m[0mclass BrCondTest(item:BrCondSimple) extends PeekPokeTester(item) {[0m[0J
[0m[[0m[31merror[0m] [0m[0m                                            ^[0m[0J
[0m[[0m[31merror[0m] [0m[0m/work/ChiselArch/src/main/scala/BrCond.scala:33:60: no arguments allowed for nullary constructor Object: ()Object[0m[0J
[0m[[0m[31merror[0m] [0m[0mclass BrCondTest(item:BrCondSimple) extends PeekPokeTester(item) {[0m[0J
[0m[[0m[31merror[0m] [0m[0m                                                           ^[0m[0J
[0m[[0m[31merror[0m] [0m[0m/work/ChiselArch/src/main/scala/BrCond.scala:37:13: not found: value rnd[0m[0J
[0m[[0m[31merror[0m] [0m[0m		val rs1 = rnd.nextInt(maxValue)[0m[0J
[0m[[0m[31merror[0m] [0m[0m		          ^[0m[0J
[0m[[0m[31merror[0m] [0m[0m/work/ChiselArch/src/main/scala/BrCond.scala:38:13: not found: value rnd[0m[0J
[0m[[0m[31merror[0m] [0m[0m		val rs2 = rnd.nextInt(maxValue)[0m[0J
[0m[[0m[31merror[0m] [0m[0m		          ^[0m[0J
[0m[[0m[31merror[0m] [0m[0m/work/ChiselArch/src/main/scala/BrCond.scala:39:17: not found: value rnd[0m[0J
[0m[[0m[31merror[0m] [0m[0m		val br_type = rnd.nextInt(maxValueOfBr)[0m[0J
[0m[[0m[31merror[0m] [0m[0m		              ^[0m[0J
[0m[[0m[31merror[0m] [0m[0m/work/ChiselArch/src/main/scala/BrCond.scala:40:3: not found: value poke[0m[0J
[0m[[0m[31merror[0m] [0m[0m		poke(item.io.rs1,rs1)[0m[0J
[0m[[0m[31merror[0m] [0m[0m		^[0m[0J
[0m[[0m[31merror[0m] [0m[0m/work/ChiselArch/src/main/scala/BrCond.scala:41:3: not found: value poke[0m[0J
[0m[[0m[31merror[0m] [0m[0m		poke(item.io.rs2,rs2)[0m[0J
[0m[[0m[31merror[0m] [0m[0m		^[0m[0J
[0m[[0m[31merror[0m] [0m[0m/work/ChiselArch/src/main/scala/BrCond.scala:42:3: not found: value poke[0m[0J
[0m[[0m[31merror[0m] [0m[0m		poke(item.io.br_type,br_type)[0m[0J
[0m[[0m[31merror[0m] [0m[0m		^[0m[0J
[0m[[0m[31merror[0m] [0m[0m/work/ChiselArch/src/main/scala/BrCond.scala:43:3: not found: value step[0m[0J
[0m[[0m[31merror[0m] [0m[0m		step(1)[0m[0J
[0m[[0m[31merror[0m] [0m[0m		^[0m[0J
[0m[[0m[31merror[0m] [0m[0m/work/ChiselArch/src/main/scala/BrCond.scala:50:10: type mismatch;[0m[0J
[0m[[0m[31merror[0m] [0m[0m found   : BrCondTest[0m[0J
[0m[[0m[31merror[0m] [0m[0m required: chisel3.iotesters.PeekPokeTester[BrCondSimple][0m[0J
[0m[[0m[31merror[0m] [0m[0m				c => new BrCondTest(c)	[0m[0J
[0m[[0m[31merror[0m] [0m[0m				     ^[0m[0J
[0m[[0m[31merror[0m] [0m[0m10 errors found[0m[0J
[0m[[0m[31merror[0m] [0m[0mCompilation failed[0m[0J
[0m[[0m[31merror[0m] [0m[0m	at xsbt.CachedCompiler0.handleErrors(CompilerBridge.scala:183)[0m[0J
[0m[[0m[31merror[0m] [0m[0m	at xsbt.CachedCompiler0.run(CompilerBridge.scala:172)[0m[0J
[0m[[0m[31merror[0m] [0m[0m	at xsbt.CachedCompiler0.run(CompilerBridge.scala:134)[0m[0J
[0m[[0m[31merror[0m] [0m[0m	at xsbt.CompilerBridge.run(CompilerBridge.scala:39)[0m[0J
[0m[[0m[31merror[0m] [0m[0m	at sbt.internal.inc.AnalyzingCompiler.compile(AnalyzingCompiler.scala:92)[0m[0J
[0m[[0m[31merror[0m] [0m[0m	at sbt.internal.inc.MixedAnalyzingCompiler.$anonfun$compile$7(MixedAnalyzingCompiler.scala:185)[0m[0J
[0m[[0m[31merror[0m] [0m[0m	at scala.runtime.java8.JFunction0$mcV$sp.apply(JFunction0$mcV$sp.java:23)[0m[0J
[0m[[0m[31merror[0m] [0m[0m	at sbt.internal.inc.MixedAnalyzingCompiler.timed(MixedAnalyzingCompiler.scala:240)[0m[0J
[0m[[0m[31merror[0m] [0m[0m	at sbt.internal.inc.MixedAnalyzingCompiler.$anonfun$compile$4(MixedAnalyzingCompiler.scala:175)[0m[0J
[0m[[0m[31merror[0m] [0m[0m	at sbt.internal.inc.MixedAnalyzingCompiler.$anonfun$compile$4$adapted(MixedAnalyzingCompiler.scala:156)[0m[0J
[0m[[0m[31merror[0m] [0m[0m	at sbt.internal.inc.JarUtils$.withPreviousJar(JarUtils.scala:232)[0m[0J
[0m[[0m[31merror[0m] [0m[0m	at sbt.internal.inc.MixedAnalyzingCompiler.compileScala$1(MixedAnalyzingCompiler.scala:156)[0m[0J
[0m[[0m[31merror[0m] [0m[0m	at sbt.internal.inc.MixedAnalyzingCompiler.compile(MixedAnalyzingCompiler.scala:203)[0m[0J
[0m[[0m[31merror[0m] [0m[0m	at sbt.internal.inc.IncrementalCompilerImpl.$anonfun$compileInternal$1(IncrementalCompilerImpl.scala:571)[0m[0J
[0m[[0m[31merror[0m] [0m[0m	at sbt.internal.inc.IncrementalCompilerImpl.$anonfun$compileInternal$1$adapted(IncrementalCompilerImpl.scala:571)[0m[0J
[0m[[0m[31merror[0m] [0m[0m	at sbt.internal.inc.Incremental$.$anonfun$apply$5(Incremental.scala:174)[0m[0J
[0m[[0m[31merror[0m] [0m[0m	at sbt.internal.inc.Incremental$.$anonfun$apply$5$adapted(Incremental.scala:172)[0m[0J
[0m[[0m[31merror[0m] [0m[0m	at sbt.internal.inc.Incremental$$anon$2.run(Incremental.scala:459)[0m[0J
[0m[[0m[31merror[0m] [0m[0m	at sbt.internal.inc.IncrementalCommon$CycleState.next(IncrementalCommon.scala:116)[0m[0J
[0m[[0m[31merror[0m] [0m[0m	at sbt.internal.inc.IncrementalCommon$$anon$1.next(IncrementalCommon.scala:56)[0m[0J
[0m[[0m[31merror[0m] [0m[0m	at sbt.internal.inc.IncrementalCommon$$anon$1.next(IncrementalCommon.scala:52)[0m[0J
[0m[[0m[31merror[0m] [0m[0m	at sbt.internal.inc.IncrementalCommon.cycle(IncrementalCommon.scala:261)[0m[0J
[0m[[0m[31merror[0m] [0m[0m	at sbt.internal.inc.Incremental$.$anonfun$incrementalCompile$8(Incremental.scala:414)[0m[0J
[0m[[0m[31merror[0m] [0m[0m	at sbt.internal.inc.Incremental$.withClassfileManager(Incremental.scala:499)[0m[0J
[0m[[0m[31merror[0m] [0m[0m	at sbt.internal.inc.Incremental$.incrementalCompile(Incremental.scala:401)[0m[0J
[0m[[0m[31merror[0m] [0m[0m	at sbt.internal.inc.Incremental$.apply(Incremental.scala:166)[0m[0J
[0m[[0m[31merror[0m] [0m[0m	at sbt.internal.inc.IncrementalCompilerImpl.compileInternal(IncrementalCompilerImpl.scala:571)[0m[0J
[0m[[0m[31merror[0m] [0m[0m	at sbt.internal.inc.IncrementalCompilerImpl.$anonfun$compileIncrementally$1(IncrementalCompilerImpl.scala:489)[0m[0J
[0m[[0m[31merror[0m] [0m[0m	at sbt.internal.inc.IncrementalCompilerImpl.handleCompilationError(IncrementalCompilerImpl.scala:332)[0m[0J
[0m[[0m[31merror[0m] [0m[0m	at sbt.internal.inc.IncrementalCompilerImpl.compileIncrementally(IncrementalCompilerImpl.scala:419)[0m[0J
[0m[[0m[31merror[0m] [0m[0m	at sbt.internal.inc.IncrementalCompilerImpl.compile(IncrementalCompilerImpl.scala:137)[0m[0J
[0m[[0m[31merror[0m] [0m[0m	at sbt.Defaults$.compileIncrementalTaskImpl(Defaults.scala:2139)[0m[0J
[0m[[0m[31merror[0m] [0m[0m	at sbt.Defaults$.$anonfun$compileIncrementalTask$2(Defaults.scala:2099)[0m[0J
[0m[[0m[31merror[0m] [0m[0m	at sbt.internal.io.Retry$.apply(Retry.scala:40)[0m[0J
[0m[[0m[31merror[0m] [0m[0m	at sbt.internal.io.Retry$.apply(Retry.scala:23)[0m[0J
[0m[[0m[31merror[0m] [0m[0m	at sbt.internal.server.BspCompileTask$.compute(BspCompileTask.scala:31)[0m[0J
[0m[[0m[31merror[0m] [0m[0m	at sbt.Defaults$.$anonfun$compileIncrementalTask$1(Defaults.scala:2096)[0m[0J
[0m[[0m[31merror[0m] [0m[0m	at scala.Function1.$anonfun$compose$1(Function1.scala:49)[0m[0J
[0m[[0m[31merror[0m] [0m[0m	at sbt.internal.util.$tilde$greater.$anonfun$$u2219$1(TypeFunctions.scala:62)[0m[0J
[0m[[0m[31merror[0m] [0m[0m	at sbt.std.Transform$$anon$4.work(Transform.scala:68)[0m[0J
[0m[[0m[31merror[0m] [0m[0m	at sbt.Execute.$anonfun$submit$2(Execute.scala:282)[0m[0J
[0m[[0m[31merror[0m] [0m[0m	at sbt.internal.util.ErrorHandling$.wideConvert(ErrorHandling.scala:23)[0m[0J
[0m[[0m[31merror[0m] [0m[0m	at sbt.Execute.work(Execute.scala:291)[0m[0J
[0m[[0m[31merror[0m] [0m[0m	at sbt.Execute.$anonfun$submit$1(Execute.scala:282)[0m[0J
[0m[[0m[31merror[0m] [0m[0m	at sbt.ConcurrentRestrictions$$anon$4.$anonfun$submitValid$1(ConcurrentRestrictions.scala:265)[0m[0J
[0m[[0m[31merror[0m] [0m[0m	at sbt.CompletionService$$anon$2.call(CompletionService.scala:64)[0m[0J
[0m[[0m[31merror[0m] [0m[0m	at java.util.concurrent.FutureTask.run(FutureTask.java:266)[0m[0J
[0m[[0m[31merror[0m] [0m[0m	at java.util.concurrent.Executors$RunnableAdapter.call(Executors.java:511)[0m[0J
[0m[[0m[31merror[0m] [0m[0m	at java.util.concurrent.FutureTask.run(FutureTask.java:266)[0m[0J
[0m[[0m[31merror[0m] [0m[0m	at java.util.concurrent.ThreadPoolExecutor.runWorker(ThreadPoolExecutor.java:1149)[0m[0J
[0m[[0m[31merror[0m] [0m[0m	at java.util.concurrent.ThreadPoolExecutor$Worker.run(ThreadPoolExecutor.java:624)[0m[0J
[0m[[0m[31merror[0m] [0m[0m	at java.lang.Thread.run(Thread.java:748)[0m[0J
[0m[[0m[31merror[0m] [0m[0m(Compile / [31mcompileIncremental[0m) Compilation failed[0m[0J
[0m[[0m[31merror[0m] [0m[0mTotal time: 0 s, completed 2022-5-8 21:56:44[0m[0J
[0m[[0m[0mdebug[0m] [0m[0m> Exec(shell, None, None)[0m[0J
